< C:\DevBin\20221026_Dev\GameJS\00_Adventure\Gattonero20200001
> C:\home\GitHub\Store\DevOld\00_Adventure\Gattonero20200001
< C:\DevBin\20221026_Dev\GameJS\00_Adventure\res
T C:\home\GitHub\Store\DevOld\00_Adventure\res
< C:\DevBin\20221026_Dev\GameJS\00_Cirno\Gattonero20200001
> C:\home\GitHub\Store\DevOld\00_Cirno\Gattonero20200001
< C:\DevBin\20221026_Dev\GameJS\00_Cirno\res
T C:\home\GitHub\Store\DevOld\00_Cirno\res
< C:\DevBin\20221026_Dev\Program\00_CLang\Petra20200001
> C:\home\GitHub\Store\DevOld\00_CLang\Petra20200001
< C:\DevBin\20221026_Dev\Program\00_CLang\doc
> C:\home\GitHub\Store\DevOld\00_CLang\doc
< C:\DevBin\20221026_Dev\Program\00_Console\Claes20200001
> C:\home\GitHub\Store\DevOld\00_Console\Claes20200001
< C:\DevBin\20221026_Dev\Program\00_Console\doc
> C:\home\GitHub\Store\DevOld\00_Console\doc
< C:\DevBin\20221026_Dev\Program\00_Form\Silvia20200001
> C:\home\GitHub\Store\DevOld\00_Form\Silvia20200001
< C:\DevBin\20221026_Dev\Program\00_Form\doc
> C:\home\GitHub\Store\DevOld\00_Form\doc
< C:\DevBin\20221026_Dev\GameJS\00_Marisa\Gattonero20200001
> C:\home\GitHub\Store\DevOld\00_Marisa\Gattonero20200001
< C:\DevBin\20221026_Dev\GameJS\00_Marisa\res
T C:\home\GitHub\Store\DevOld\00_Marisa\res
< C:\DevBin\20221221_Games\00_MSSAGame\Elsa20200001
> C:\home\GitHub\Store\DevOld\00_MSSAGame\Elsa20200001
< C:\DevBin\20221221_Games\00_MSSAGame\dat
T C:\home\GitHub\Store\DevOld\00_MSSAGame\dat
< C:\DevBin\20221221_Games\00_MSSAGame\doc
> C:\home\GitHub\Store\DevOld\00_MSSAGame\doc
< C:\DevBin\20221026_Dev\GameJS\00_Plain\Gattonero20200001
> C:\home\GitHub\Store\DevOld\00_Plain\Gattonero20200001
< C:\DevBin\20221026_Dev\GameJS\00_Plain\res
T C:\home\GitHub\Store\DevOld\00_Plain\res
< C:\DevBin\20221221_Games\00_Shooting\Elsa20200001
> C:\home\GitHub\Store\DevOld\00_Shooting\Elsa20200001
< C:\DevBin\20221221_Games\00_Shooting\dat
T C:\home\GitHub\Store\DevOld\00_Shooting\dat
< C:\DevBin\20221221_Games\00_Shooting\doc
> C:\home\GitHub\Store\DevOld\00_Shooting\doc
< C:\DevBin\20221221_Games\00_SSAGame\Elsa20200001
> C:\home\GitHub\Store\DevOld\00_SSAGame\Elsa20200001
< C:\DevBin\20221221_Games\00_SSAGame\dat
T C:\home\GitHub\Store\DevOld\00_SSAGame\dat
< C:\DevBin\20221221_Games\00_SSAGame\doc
> C:\home\GitHub\Store\DevOld\00_SSAGame\doc
< C:\DevBin\20221221_Games\00_TSSGame\Elsa20200001
> C:\home\GitHub\Store\DevOld\00_TSSGame\Elsa20200001
< C:\DevBin\20221221_Games\00_TSSGame\dat
T C:\home\GitHub\Store\DevOld\00_TSSGame\dat
< C:\DevBin\20221221_Games\00_TSSGame\doc
> C:\home\GitHub\Store\DevOld\00_TSSGame\doc
< C:\DevBin\20221221_Games\00_TVAGame\Elsa20200001
> C:\home\GitHub\Store\DevOld\00_TVAGame\Elsa20200001
< C:\DevBin\20221221_Games\00_TVAGame\dat
T C:\home\GitHub\Store\DevOld\00_TVAGame\dat
< C:\DevBin\20221221_Games\00_TVAGame\doc
> C:\home\GitHub\Store\DevOld\00_TVAGame\doc
< C:\DevBin\20221026_Dev\Program\00_Utilities\Claes20200001
> C:\home\GitHub\Store\DevOld\00_Utilities\Claes20200001
< C:\DevBin\20221026_Dev\Program\00_Utilities\doc
> C:\home\GitHub\Store\DevOld\00_Utilities\doc
< C:\DevBin\20221026_Dev\GameJS\Adventure\Gattonero20200001
> C:\home\GitHub\Store\DevOld\Adventure\Gattonero20200001
< C:\DevBin\20221026_Dev\GameJS\Adventure\res
T C:\home\GitHub\Store\DevOld\Adventure\res
< C:\DevBin\20221221_Games\AliceCirno\Elsa20200001
> C:\home\GitHub\Store\DevOld\AliceCirno\Elsa20200001
< C:\DevBin\20221221_Games\AliceCirno\dat
T C:\home\GitHub\Store\DevOld\AliceCirno\dat
< C:\DevBin\20221221_Games\AliceCirno\doc
> C:\home\GitHub\Store\DevOld\AliceCirno\doc
< C:\DevBin\20221222_Backup\Claes20200001
> C:\home\GitHub\Store\DevOld\Backup\Claes20200001
< C:\DevBin\20221222_Backup\doc
> C:\home\GitHub\Store\DevOld\Backup\doc
< C:\DevBin\20221026_Dev\GameJS\BlackJack\Gattonero20200001
> C:\home\GitHub\Store\DevOld\BlackJack\Gattonero20200001
< C:\DevBin\20221026_Dev\GameJS\BlackJack\res
T C:\home\GitHub\Store\DevOld\BlackJack\res
< C:\DevBin\20221026_Dev\GameJS\BlackJack_v2\Gattonero20200001
> C:\home\GitHub\Store\DevOld\BlackJack_v2\Gattonero20200001
< C:\DevBin\20221026_Dev\GameJS\BlackJack_v2\res
T C:\home\GitHub\Store\DevOld\BlackJack_v2\res
< C:\DevBin\20221233_Program\CatalogCopy\Claes20200001
> C:\home\GitHub\Store\DevOld\CatalogCopy\Claes20200001
< C:\DevBin\20221233_Program\CatalogCopy\doc
> C:\home\GitHub\Store\DevOld\CatalogCopy\doc
< C:\DevBin\20221026_Dev\GameJS\Cirno\Gattonero20200001
> C:\home\GitHub\Store\DevOld\Cirno\Gattonero20200001
< C:\DevBin\20221026_Dev\GameJS\Cirno\res
T C:\home\GitHub\Store\DevOld\Cirno\res
< C:\DevBin\20221116_CollectOut\Claes20200001
> C:\home\GitHub\Store\DevOld\CollectOut\Claes20200001
< C:\DevBin\20221116_CollectOut\doc
> C:\home\GitHub\Store\DevOld\CollectOut\doc
< C:\DevBin\20220923_CollectPhotos\Claes20200001
> C:\home\GitHub\Store\DevOld\CollectPhotos\Claes20200001
< C:\DevBin\20220923_CollectPhotos\doc
> C:\home\GitHub\Store\DevOld\CollectPhotos\doc
< C:\DevBin\20221231_ConfuserForElsa\Claes20200001
> C:\home\GitHub\Store\DevOld\ConfuserForElsa\Claes20200001
< C:\DevBin\20221231_ConfuserForElsa\doc
> C:\home\GitHub\Store\DevOld\ConfuserForElsa\doc
< C:\DevBin\20221031_Program\CopyDepth\Claes20200001
> C:\home\GitHub\Store\DevOld\CopyDepth\Claes20200001
< C:\DevBin\20221031_Program\CopyDepth\doc
> C:\home\GitHub\Store\DevOld\CopyDepth\doc
< C:\DevBin\20230101_CopyDevBinToDevOld\Claes20200001
> C:\home\GitHub\Store\DevOld\CopyDevBinToDevOld\Claes20200001
< C:\DevBin\20230101_CopyDevBinToDevOld\doc
> C:\home\GitHub\Store\DevOld\CopyDevBinToDevOld\doc
< C:\DevBin\20221223_CopyDevGameGameJSToStoreP\Claes20200001
> C:\home\GitHub\Store\DevOld\CopyDevGameGameJSToStoreP\Claes20200001
< C:\DevBin\20221223_CopyDevGameGameJSToStoreP\doc
> C:\home\GitHub\Store\DevOld\CopyDevGameGameJSToStoreP\doc
< C:\DevBin\20221026_Dev\GameJS\Doremy\Gattonero20200001
> C:\home\GitHub\Store\DevOld\Doremy\Gattonero20200001
< C:\DevBin\20221026_Dev\GameJS\Doremy\res
T C:\home\GitHub\Store\DevOld\Doremy\res
< C:\DevBin\20221117_EditPicture\Claes20200001
> C:\home\GitHub\Store\DevOld\EditPicture\Claes20200001
< C:\DevBin\20221117_EditPicture\doc
> C:\home\GitHub\Store\DevOld\EditPicture\doc
< C:\DevBin\20221114_GitCommit\Claes20200001
> C:\home\GitHub\Store\DevOld\GitCommit\Claes20200001
< C:\DevBin\20221114_GitCommit\doc
> C:\home\GitHub\Store\DevOld\GitCommit\doc
< C:\DevBin\20221115_Program\GitHubDownloadFilter\Claes20200001
> C:\home\GitHub\Store\DevOld\GitHubDownloadFilter\Claes20200001
< C:\DevBin\20221115_Program\GitHubDownloadFilter\doc
> C:\home\GitHub\Store\DevOld\GitHubDownloadFilter\doc
< C:\DevBin\20221115_Program\GitHubRepositoryFilter\Claes20200001
> C:\home\GitHub\Store\DevOld\GitHubRepositoryFilter\Claes20200001
< C:\DevBin\20221115_Program\GitHubRepositoryFilter\doc
> C:\home\GitHub\Store\DevOld\GitHubRepositoryFilter\doc
< C:\DevBin\20221026_Dev\GameJS\Hako\Gattonero20200001
> C:\home\GitHub\Store\DevOld\Hako\Gattonero20200001
< C:\DevBin\20221026_Dev\GameJS\Hako\res
T C:\home\GitHub\Store\DevOld\Hako\res
< C:\DevBin\20221123_Program\HTTCmd\Claes20200001
> C:\home\GitHub\Store\DevOld\HTTCmd\Claes20200001
< C:\DevBin\20221123_Program\HTTCmd\dat
T C:\home\GitHub\Store\DevOld\HTTCmd\dat
< C:\DevBin\20221123_Program\HTTCmd\doc
> C:\home\GitHub\Store\DevOld\HTTCmd\doc
< C:\DevBin\20221210_HTTCmdP\Claes20200001
> C:\home\GitHub\Store\DevOld\HTTCmdP\Claes20200001
< C:\DevBin\20221210_HTTCmdP\dat
T C:\home\GitHub\Store\DevOld\HTTCmdP\dat
< C:\DevBin\20221210_HTTCmdP\doc
> C:\home\GitHub\Store\DevOld\HTTCmdP\doc
< C:\DevBin\20221130_JSJoin\Claes20200001
> C:\home\GitHub\Store\DevOld\JSJoin\Claes20200001
< C:\DevBin\20221130_JSJoin\doc
> C:\home\GitHub\Store\DevOld\JSJoin\doc
< C:\DevBin\20221026_Dev\Program\MakeButtons\Claes20200001
> C:\home\GitHub\Store\DevOld\MakeButtons\Claes20200001
< C:\DevBin\20221026_Dev\Program\MakeButtons\doc
> C:\home\GitHub\Store\DevOld\MakeButtons\doc
< C:\DevBin\20221026_Dev\GameJS\Marisa\Gattonero20200001
> C:\home\GitHub\Store\DevOld\Marisa\Gattonero20200001
< C:\DevBin\20221026_Dev\GameJS\Marisa\res
T C:\home\GitHub\Store\DevOld\Marisa\res
< C:\DevBin\20221221_Games\Pochimetto\Elsa20200001
> C:\home\GitHub\Store\DevOld\Pochimetto\Elsa20200001
< C:\DevBin\20221221_Games\Pochimetto\dat
T C:\home\GitHub\Store\DevOld\Pochimetto\dat
< C:\DevBin\20221221_Games\Pochimetto\doc
> C:\home\GitHub\Store\DevOld\Pochimetto\doc
< C:\DevBin\20221026_Dev\GameJS\Puzzle2048\Gattonero20200001
> C:\home\GitHub\Store\DevOld\Puzzle2048\Gattonero20200001
< C:\DevBin\20221026_Dev\GameJS\Puzzle2048\res
T C:\home\GitHub\Store\DevOld\Puzzle2048\res
< C:\DevBin\20221233_Program\RemoteCmdServer\Claes20200001
> C:\home\GitHub\Store\DevOld\RemoteCmdServer\Claes20200001
< C:\DevBin\20221233_Program\RemoteCmdServer\dat
T C:\home\GitHub\Store\DevOld\RemoteCmdServer\dat
< C:\DevBin\20221233_Program\RemoteCmdServer\doc
> C:\home\GitHub\Store\DevOld\RemoteCmdServer\doc
< C:\DevBin\20220927_RingCipher\Claes20200001
> C:\home\GitHub\Store\DevOld\RingCipher\Claes20200001
< C:\DevBin\20220927_RingCipher\doc
> C:\home\GitHub\Store\DevOld\RingCipher\doc
< C:\DevBin\20221211_Program\RunAll\Petra20200001
> C:\home\GitHub\Store\DevOld\RunAll\Petra20200001
< C:\DevBin\20221211_Program\RunAll\doc
> C:\home\GitHub\Store\DevOld\RunAll\doc
< C:\DevBin\20221211_Program\RunSub\Petra20200001
> C:\home\GitHub\Store\DevOld\RunSub\Petra20200001
< C:\DevBin\20221211_Program\RunSub\doc
> C:\home\GitHub\Store\DevOld\RunSub\doc
< C:\DevBin\20221221_Games\Shooting\Elsa20200001
> C:\home\GitHub\Store\DevOld\Shooting\Elsa20200001
< C:\DevBin\20221221_Games\Shooting\dat
T C:\home\GitHub\Store\DevOld\Shooting\dat
< C:\DevBin\20221221_Games\Shooting\doc
> C:\home\GitHub\Store\DevOld\Shooting\doc
< C:\DevBin\20221026_Dev\Program\SimpleForm\Silvia20200001
> C:\home\GitHub\Store\DevOld\SimpleForm\Silvia20200001
< C:\DevBin\20221026_Dev\Program\SimpleForm\doc
> C:\home\GitHub\Store\DevOld\SimpleForm\doc
< C:\DevBin\20221111_Test0001-2マスク用ダミー\Test0001\Claes20200001
> C:\home\GitHub\Store\DevOld\Test0001\Claes20200001
< C:\DevBin\20221111_Test0001-2マスク用ダミー\Test0001\doc
> C:\home\GitHub\Store\DevOld\Test0001\doc
< C:\DevBin\20221111_Test0001-2マスク用ダミー\Test0002\Claes20200001
> C:\home\GitHub\Store\DevOld\Test0002\Claes20200001
< C:\DevBin\20221111_Test0001-2マスク用ダミー\Test0002\doc
> C:\home\GitHub\Store\DevOld\Test0002\doc
< C:\DevBin\20221121_Test20221111\Claes20200001
> C:\home\GitHub\Store\DevOld\Test20221111\Claes20200001
< C:\DevBin\20221121_Test20221111\doc
> C:\home\GitHub\Store\DevOld\Test20221111\doc
< C:\DevBin\20221129_Test20221121\Claes20200001
> C:\home\GitHub\Store\DevOld\Test20221121\Claes20200001
< C:\DevBin\20221129_Test20221121\doc
> C:\home\GitHub\Store\DevOld\Test20221121\doc
< C:\DevBin\20221221_Games\TewiCirno\Elsa20200001
> C:\home\GitHub\Store\DevOld\TewiCirno\Elsa20200001
< C:\DevBin\20221221_Games\TewiCirno\dat
T C:\home\GitHub\Store\DevOld\TewiCirno\dat
< C:\DevBin\20221221_Games\TewiCirno\doc
> C:\home\GitHub\Store\DevOld\TewiCirno\doc
< C:\DevBin\20221221_Games\UdongeCirno\Elsa20200001
> C:\home\GitHub\Store\DevOld\UdongeCirno\Elsa20200001
< C:\DevBin\20221221_Games\UdongeCirno\dat
T C:\home\GitHub\Store\DevOld\UdongeCirno\dat
< C:\DevBin\20221221_Games\UdongeCirno\doc
> C:\home\GitHub\Store\DevOld\UdongeCirno\doc
< C:\DevBin\20221208_Program\Wait\Petra20200001
> C:\home\GitHub\Store\DevOld\Wait\Petra20200001
< C:\DevBin\20221208_Program\Wait\doc
> C:\home\GitHub\Store\DevOld\Wait\doc
